    |
244 | #[invariant_test]
    | ^^^^^^^^^^^^^^^^^ help: remove this `mut`
    |
    = note: `#[warn(unused_mut)]` (part of `#[warn(unused)]`) on by default
    = note: this warning originates in the macro `run_fuzz_loop` (in Nightly builds, run with -Z macro-backtrace for more info)

warning: variable does not need to be mutable
   --> src/main.rs:244:1
    |
244 | #[invariant_test]
    | ^^^^^^^^^^^^^^^^^ help: remove this `mut`
    |
    = note: this warning originates in the macro `run_fuzz_loop` (in Nightly builds, run with -Z macro-backtrace for more info)

warning: `lombard_token_pool_fuzz` (bin "invariant_test") generated 2 warnings (run `cargo fix --bin "invariant_test" -p lombard_token_pool_fuzz` to apply 2 suggestions)
    Finished `dev` profile [unoptimized + debuginfo] target(s) in 0.25s

  ______
  ╲    ╱   ___ ___ _   _  ___ ___ ___ _    ___
   ╲╱╲╱   / __| _ \ | | |/ __|_ _| _ ) |  | __|
   ╱╲╱╲  | (__|   / |_| | (__ | || _ \ |__| _|
  ╱    ╲  \___|_|_\\___/ \___|___|___/____|___|
  ▔▔▔▔▔▔

[FUZZ] Running with 8s timeout
[FUZZ] Crashes directory: /home/kt/projects/rtp/night-shift-security/data/security_results/investigations/2026-07-03-lombard-cross-layer/crucible/lombard_token_pool_scaffold/crashes/invariant_test
[FUZZ] Multi-core mode: 1 parallel workers
[FUZZ] Stateful mode: single action per iteration with state pool
[FUZZ] Max actions per iteration: 100
[STATEFUL] Stateful fuzzing mode
[STATEFUL] Full tracing mode (trace_interval=1)
[STATEFUL] Pool capacity: 250k, max depth: 100, seed: 1783124044632137933
[STATEFUL] Starting stateful fuzzing loop...

[FUZZ_PULSE] [00:02] iter: 7068, iter/sec: 3533, pool: 2/250k (0.0%), crashes: 0, ok: 0/0 (0.0%), discovered: 5/5 actions, edges: 0/71960 (0.0%), branches: 0/35980
[FUZZ_PULSE] [00:04] iter: 14061, iter/sec: 3496, pool: 2/250k (0.0%), crashes: 0, ok: 0/0 (0.0%), discovered: 5/5 actions, edges: 0/71960 (0.0%), branches: 0/35980
[FUZZ_PULSE] [00:06] iter: 21076, iter/sec: 3507, pool: 2/250k (0.0%), crashes: 0, ok: 0/0 (0.0%), discovered: 5/5 actions, edges: 0/71960 (0.0%), branches: 0/35980

[STATEFUL] Timeout reached (8s). Exiting.
